Start testing: May 27 13:48 UTC
----------------------------------------------------------
1/2 Testing: test_simple_fifo
1/2 Test: test_simple_fifo
Command: "/home/soumya/googletest-env/myproject/build/test_simple_fifo"
Directory: /home/soumya/googletest-env/myproject/build
"test_simple_fifo" start time: May 27 13:48 UTC
Output:
----------------------------------------------------------
Running main() from /home/soumya/googletest-env/googletest/googletest/src/gtest_main.cc
[==========] Running 1 test from 1 test suite.
[----------] Global test environment set-up.
[----------] 1 test from FIFOTestSuite
[ RUN      ] FIFOTestSuite.RunAllFIFOTests

Info: /OSCI/SystemC: Simulation stopped by user.
[       OK ] FIFOTestSuite.RunAllFIFOTests (5 ms)
[----------] 1 test from FIFOTestSuite (5 ms total)

[----------] Global test environment tear-down
[==========] 1 test from 1 test suite ran. (5 ms total)
[  PASSED  ] 1 test.
<end of output>
Test time =   0.06 sec
----------------------------------------------------------
Test Passed.
"test_simple_fifo" end time: May 27 13:48 UTC
"test_simple_fifo" time elapsed: 00:00:00
----------------------------------------------------------

2/2 Testing: test_stage1
2/2 Test: test_stage1
Command: "/home/soumya/googletest-env/myproject/build/test_stage1"
Directory: /home/soumya/googletest-env/myproject/build
"test_stage1" start time: May 27 13:48 UTC
Output:
----------------------------------------------------------
Running main() from /home/soumya/googletest-env/googletest/googletest/src/gtest_main.cc
[==========] Running 3 tests from 1 test suite.
[----------] Global test environment set-up.
[----------] 3 tests from Stage1Test
[ RUN      ] Stage1Test.SimpleAddSub
[       OK ] Stage1Test.SimpleAddSub (1 ms)
[ RUN      ] Stage1Test.NegativeValues
unknown file: Failure
C++ exception with description "Error: (E113) insert primitive channel failed: simulation running
In file: /home/soumya/systemc-3.0.1/src/sysc/communication/sc_prim_channel.cpp:244" thrown in the test fixture's constructor.

[  FAILED  ] Stage1Test.NegativeValues (3 ms)
[ RUN      ] Stage1Test.ZeroInputs
unknown file: Failure
C++ exception with description "Error: (E113) insert primitive channel failed: simulation running
In file: /home/soumya/systemc-3.0.1/src/sysc/communication/sc_prim_channel.cpp:244" thrown in the test fixture's constructor.

[  FAILED  ] Stage1Test.ZeroInputs (0 ms)
[----------] 3 tests from Stage1Test (5 ms total)

[----------] Global test environment tear-down
[==========] 3 tests from 1 test suite ran. (5 ms total)
[  PASSED  ] 1 test.
[  FAILED  ] 2 tests, listed below:
[  FAILED  ] Stage1Test.NegativeValues
[  FAILED  ] Stage1Test.ZeroInputs

 2 FAILED TESTS
<end of output>
Test time =   0.02 sec
----------------------------------------------------------
Test Failed.
"test_stage1" end time: May 27 13:48 UTC
"test_stage1" time elapsed: 00:00:00
----------------------------------------------------------

End testing: May 27 13:48 UTC
